[0.908s] Invoking command in '/home/murasaki/ros2_ws/src/my_py_pkg': PYTHONPATH=/home/murasaki/ros2_ws/src/build/my_py_pkg/prefix_override:/home/murasaki/ros2_ws/src/install/my_py_pkg/lib/python3.10/site-packages:${PYTHONPATH} /usr/bin/python3 setup.py egg_info --egg-base ../build/my_py_pkg build --build-base /home/murasaki/ros2_ws/src/build/my_py_pkg/build install --record /home/murasaki/ros2_ws/src/build/my_py_pkg/install.log --single-version-externally-managed
[1.249s] running egg_info
[1.251s] creating ../build/my_py_pkg/my_py_pkg.egg-info
[1.251s] writing ../build/my_py_pkg/my_py_pkg.egg-info/PKG-INFO
[1.253s] writing dependency_links to ../build/my_py_pkg/my_py_pkg.egg-info/dependency_links.txt
[1.254s] writing entry points to ../build/my_py_pkg/my_py_pkg.egg-info/entry_points.txt
[1.255s] writing requirements to ../build/my_py_pkg/my_py_pkg.egg-info/requires.txt
[1.256s] writing top-level names to ../build/my_py_pkg/my_py_pkg.egg-info/top_level.txt
[1.257s] writing manifest file '../build/my_py_pkg/my_py_pkg.egg-info/SOURCES.txt'
[1.260s] reading manifest file '../build/my_py_pkg/my_py_pkg.egg-info/SOURCES.txt'
[1.261s] writing manifest file '../build/my_py_pkg/my_py_pkg.egg-info/SOURCES.txt'
[1.263s] running build
[1.263s] running build_py
[1.264s] creating /home/murasaki/ros2_ws/src/build/my_py_pkg/build
[1.264s] creating /home/murasaki/ros2_ws/src/build/my_py_pkg/build/lib
[1.265s] creating /home/murasaki/ros2_ws/src/build/my_py_pkg/build/lib/my_py_pkg
[1.265s] copying my_py_pkg/__init__.py -> /home/murasaki/ros2_ws/src/build/my_py_pkg/build/lib/my_py_pkg
[1.266s] running install
[1.267s] running install_lib
[1.268s] creating /home/murasaki/ros2_ws/src/install/my_py_pkg/lib/python3.10/site-packages/my_py_pkg
[1.269s] copying /home/murasaki/ros2_ws/src/build/my_py_pkg/build/lib/my_py_pkg/__init__.py -> /home/murasaki/ros2_ws/src/install/my_py_pkg/lib/python3.10/site-packages/my_py_pkg
[1.272s] byte-compiling /home/murasaki/ros2_ws/src/install/my_py_pkg/lib/python3.10/site-packages/my_py_pkg/__init__.py to __init__.cpython-310.pyc
[1.273s] running install_data
[1.275s] creating /home/murasaki/ros2_ws/src/install/my_py_pkg/share/ament_index
[1.275s] creating /home/murasaki/ros2_ws/src/install/my_py_pkg/share/ament_index/resource_index
[1.276s] creating /home/murasaki/ros2_ws/src/install/my_py_pkg/share/ament_index/resource_index/packages
[1.276s] copying resource/my_py_pkg -> /home/murasaki/ros2_ws/src/install/my_py_pkg/share/ament_index/resource_index/packages
[1.277s] copying package.xml -> /home/murasaki/ros2_ws/src/install/my_py_pkg/share/my_py_pkg
[1.278s] running install_egg_info
[1.280s] Copying ../build/my_py_pkg/my_py_pkg.egg-info to /home/murasaki/ros2_ws/src/install/my_py_pkg/lib/python3.10/site-packages/my_py_pkg-0.0.0-py3.10.egg-info
[1.284s] running install_scripts
[1.302s] writing list of installed files to '/home/murasaki/ros2_ws/src/build/my_py_pkg/install.log'
[1.344s] Invoked command in '/home/murasaki/ros2_ws/src/my_py_pkg' returned '0': PYTHONPATH=/home/murasaki/ros2_ws/src/build/my_py_pkg/prefix_override:/home/murasaki/ros2_ws/src/install/my_py_pkg/lib/python3.10/site-packages:${PYTHONPATH} /usr/bin/python3 setup.py egg_info --egg-base ../build/my_py_pkg build --build-base /home/murasaki/ros2_ws/src/build/my_py_pkg/build install --record /home/murasaki/ros2_ws/src/build/my_py_pkg/install.log --single-version-externally-managed
